<?xml version="1.0" encoding="UTF-8"?>
<!-- Generated by org.testng.reporters.JUnitReportReporter -->
<testsuite hostname="DESKTOP-7KR4T81" failures="0" tests="1" name="APITests" time="1.826" errors="0" timestamp="2025-10-21T02:13:52 IST" skipped="0">
  <testcase classname="APITests" name="test2" time="1.826"/>
</testsuite> <!-- APITests -->
