<?xml version="1.0" encoding="UTF-8"?>
<!-- Generated by org.testng.reporters.JUnitReportReporter -->
<testsuite hostname="DESKTOP-7KR4T81" failures="0" tests="2" name="APITests" time="2.188" errors="0" timestamp="2025-08-30T23:16:06 IST" skipped="0">
  <testcase classname="APITests" name="test2" time="0.272"/>
  <testcase classname="APITests" name="test1" time="1.916"/>
</testsuite> <!-- APITests -->
