<?xml version="1.0" encoding="UTF-8"?>
<!-- Generated by org.testng.reporters.JUnitReportReporter -->
<testsuite hostname="DESKTOP-7KR4T81" failures="0" tests="3" name="TestCases" time="0.006" errors="0" timestamp="2025-10-20T17:14:38 IST" skipped="0">
  <testcase classname="TestCases" name="setup" time="0.005"/>
  <testcase classname="TestCases" name="testSteps" time="0.000"/>
  <testcase classname="TestCases" name="tearDown" time="0.001"/>
</testsuite> <!-- TestCases -->
